# JRE version: Java(TM) SE Runtime Environment (8.0_171-b11) (build 1.8.0_171-b11)
# Java VM: Java HotSpot(TM) 64-Bit Server VM (25.171-b11 mixed mode linux-amd64 compressed oops)
Heap:
 PSYoungGen      total 276992K, used 87717K [0x00000000d7f00000, 0x00000000ed400000, 0x0000000100000000)
  eden space 258048K, 32% used [0x00000000d7f00000,0x00000000dcff1538,0x00000000e7b00000)
  from space 18944K, 25% used [0x00000000e7b00000,0x00000000e7fb8050,0x00000000e8d80000)
  to   space 18432K, 0% used [0x00000000ec200000,0x00000000ec200000,0x00000000ed400000)
 ParOldGen       total 90624K, used 28842K [0x0000000087c00000, 0x000000008d480000, 0x00000000d7f00000)
  object space 90624K, 31% used [0x0000000087c00000,0x000000008982a8a0,0x000000008d480000)
 Metaspace       used 40396K, capacity 42466K, committed 42672K, reserved 1085440K
  class space    used 5330K, capacity 5807K, committed 5808K, reserved 1048576K
GC Heap History (10 events):
Event: 65.544 GC heap before
{Heap before GC invocations=13 (full 3):
 PSYoungGen      total 175616K, used 142393K [0x00000000d7f00000, 0x00000000e6e00000, 0x0000000100000000)
  eden space 158208K, 90% used [0x00000000d7f00000,0x00000000e0a0e750,0x00000000e1980000)
  from space 17408K, 0% used [0x00000000e1980000,0x00000000e1980000,0x00000000e2a80000)
  to   space 17920K, 0% used [0x00000000e5c80000,0x00000000e5c80000,0x00000000e6e00000)
 ParOldGen       total 90624K, used 20746K [0x0000000087c00000, 0x000000008d480000, 0x00000000d7f00000)
  object space 90624K, 22% used [0x0000000087c00000,0x0000000089042ae8,0x000000008d480000)
 Metaspace       used 38560K, capacity 40554K, committed 40752K, reserved 1085440K
  class space    used 5136K, capacity 5606K, committed 5680K, reserved 1048576K
Event: 65.589 GC heap after
Heap after GC invocations=13 (full 3):
 PSYoungGen      total 226816K, used 10327K [0x00000000d7f00000, 0x00000000e6e00000, 0x0000000100000000)
  eden space 208896K, 0% used [0x00000000d7f00000,0x00000000d7f00000,0x00000000e4b00000)
  from space 17920K, 57% used [0x00000000e5c80000,0x00000000e6695fa0,0x00000000e6e00000)
  to   space 17920K, 0% used [0x00000000e4b00000,0x00000000e4b00000,0x00000000e5c80000)
 ParOldGen       total 90624K, used 20754K [0x0000000087c00000, 0x000000008d480000, 0x00000000d7f00000)
  object space 90624K, 22% used [0x0000000087c00000,0x0000000089044ae8,0x000000008d480000)
 Metaspace       used 38560K, capacity 40554K, committed 40752K, reserved 1085440K
  class space    used 5136K, capacity 5606K, committed 5680K, reserved 1048576K
}
Event: 65.589 GC heap before
{Heap before GC invocations=14 (full 4):
 PSYoungGen      total 226816K, used 10327K [0x00000000d7f00000, 0x00000000e6e00000, 0x0000000100000000)
  eden space 208896K, 0% used [0x00000000d7f00000,0x00000000d7f00000,0x00000000e4b00000)
  from space 17920K, 57% used [0x00000000e5c80000,0x00000000e6695fa0,0x00000000e6e00000)
  to   space 17920K, 0% used [0x00000000e4b00000,0x00000000e4b00000,0x00000000e5c80000)
 ParOldGen       total 90624K, used 20754K [0x0000000087c00000, 0x000000008d480000, 0x00000000d7f00000)
  object space 90624K, 22% used [0x0000000087c00000,0x0000000089044ae8,0x000000008d480000)
 Metaspace       used 38560K, capacity 40554K, committed 40752K, reserved 1085440K
  class space    used 5136K, capacity 5606K, committed 5680K, reserved 1048576K
Event: 66.065 GC heap after
Heap after GC invocations=14 (full 4):
 PSYoungGen      total 226816K, used 0K [0x00000000d7f00000, 0x00000000e6e00000, 0x0000000100000000)
  eden space 208896K, 0% used [0x00000000d7f00000,0x00000000d7f00000,0x00000000e4b00000)
  from space 17920K, 0% used [0x00000000e5c80000,0x00000000e5c80000,0x00000000e6e00000)
  to   space 17920K, 0% used [0x00000000e4b00000,0x00000000e4b00000,0x00000000e5c80000)
 ParOldGen       total 90624K, used 28818K [0x0000000087c00000, 0x000000008d480000, 0x00000000d7f00000)
  object space 90624K, 31% used [0x0000000087c00000,0x00000000898248a0,0x000000008d480000)
 Metaspace       used 38557K, capacity 40548K, committed 40752K, reserved 1085440K
  class space    used 5136K, capacity 5604K, committed 5680K, reserved 1048576K
}
Event: 80.290 GC heap before
{Heap before GC invocations=15 (full 4):
 PSYoungGen      total 226816K, used 208874K [0x00000000d7f00000, 0x00000000e6e00000, 0x0000000100000000)
  eden space 208896K, 99% used [0x00000000d7f00000,0x00000000e4afabf8,0x00000000e4b00000)
  from space 17920K, 0% used [0x00000000e5c80000,0x00000000e5c80000,0x00000000e6e00000)
  to   space 17920K, 0% used [0x00000000e4b00000,0x00000000e4b00000,0x00000000e5c80000)
 ParOldGen       total 90624K, used 28818K [0x0000000087c00000, 0x000000008d480000, 0x00000000d7f00000)
  object space 90624K, 31% used [0x0000000087c00000,0x00000000898248a0,0x000000008d480000)
 Metaspace       used 39574K, capacity 41702K, committed 41904K, reserved 1085440K
  class space    used 5240K, capacity 5731K, committed 5808K, reserved 1048576K
Event: 80.307 GC heap after
Heap after GC invocations=15 (full 4):
 PSYoungGen      total 226816K, used 13803K [0x00000000d7f00000, 0x00000000ea880000, 0x0000000100000000)
  eden space 208896K, 0% used [0x00000000d7f00000,0x00000000d7f00000,0x00000000e4b00000)
  from space 17920K, 77% used [0x00000000e4b00000,0x00000000e587aea0,0x00000000e5c80000)
  to   space 18944K, 0% used [0x00000000e9600000,0x00000000e9600000,0x00000000ea880000)
 ParOldGen       total 90624K, used 28826K [0x0000000087c00000, 0x000000008d480000, 0x00000000d7f00000)
  object space 90624K, 31% used [0x0000000087c00000,0x00000000898268a0,0x000000008d480000)
 Metaspace       used 39574K, capacity 41702K, committed 41904K, reserved 1085440K
  class space    used 5240K, capacity 5731K, committed 5808K, reserved 1048576K
}
Event: 86.042 GC heap before
{Heap before GC invocations=16 (full 4):
 PSYoungGen      total 226816K, used 219359K [0x00000000d7f00000, 0x00000000ea880000, 0x0000000100000000)
  eden space 208896K, 98% used [0x00000000d7f00000,0x00000000e47bce10,0x00000000e4b00000)
  from space 17920K, 77% used [0x00000000e4b00000,0x00000000e587aea0,0x00000000e5c80000)
  to   space 18944K, 0% used [0x00000000e9600000,0x00000000e9600000,0x00000000ea880000)
 ParOldGen       total 90624K, used 28826K [0x0000000087c00000, 0x000000008d480000, 0x00000000d7f00000)
  object space 90624K, 31% used [0x0000000087c00000,0x00000000898268a0,0x000000008d480000)
 Metaspace       used 40387K, capacity 42466K, committed 42672K, reserved 1085440K
  class space    used 5327K, capacity 5807K, committed 5808K, reserved 1048576K
Event: 86.049 GC heap after
Heap after GC invocations=16 (full 4):
 PSYoungGen      total 268288K, used 4696K [0x00000000d7f00000, 0x00000000ea000000, 0x0000000100000000)
  eden space 258048K, 0% used [0x00000000d7f00000,0x00000000d7f00000,0x00000000e7b00000)
  from space 10240K, 45% used [0x00000000e9600000,0x00000000e9a961b0,0x00000000ea000000)
  to   space 18944K, 0% used [0x00000000e7b00000,0x00000000e7b00000,0x00000000e8d80000)
 ParOldGen       total 90624K, used 28834K [0x0000000087c00000, 0x000000008d480000, 0x00000000d7f00000)
  object space 90624K, 31% used [0x0000000087c00000,0x00000000898288a0,0x000000008d480000)
 Metaspace       used 40387K, capacity 42466K, committed 42672K, reserved 1085440K
  class space    used 5327K, capacity 5807K, committed 5808K, reserved 1048576K
}
Event: 88.451 GC heap before
{Heap before GC invocations=17 (full 4):
 PSYoungGen      total 268288K, used 260790K [0x00000000d7f00000, 0x00000000ea000000, 0x0000000100000000)
  eden space 258048K, 99% used [0x00000000d7f00000,0x00000000e7917680,0x00000000e7b00000)
  from space 10240K, 45% used [0x00000000e9600000,0x00000000e9a961b0,0x00000000ea000000)
  to   space 18944K, 0% used [0x00000000e7b00000,0x00000000e7b00000,0x00000000e8d80000)
 ParOldGen       total 90624K, used 28834K [0x0000000087c00000, 0x000000008d480000, 0x00000000d7f00000)
  object space 90624K, 31% used [0x0000000087c00000,0x00000000898288a0,0x000000008d480000)
 Metaspace       used 40396K, capacity 42466K, committed 42672K, reserved 1085440K
  class space    used 5330K, capacity 5807K, committed 5808K, reserved 1048576K
Event: 88.474 GC heap after
Heap after GC invocations=17 (full 4):
 PSYoungGen      total 276992K, used 4832K [0x00000000d7f00000, 0x00000000ed400000, 0x0000000100000000)
  eden space 258048K, 0% used [0x00000000d7f00000,0x00000000d7f00000,0x00000000e7b00000)
  from space 18944K, 25% used [0x00000000e7b00000,0x00000000e7fb8050,0x00000000e8d80000)
  to   space 18432K, 0% used [0x00000000ec200000,0x00000000ec200000,0x00000000ed400000)
 ParOldGen       total 90624K, used 28842K [0x0000000087c00000, 0x000000008d480000, 0x00000000d7f00000)
  object space 90624K, 31% used [0x0000000087c00000,0x000000008982a8a0,0x000000008d480000)
 Metaspace       used 40396K, capacity 42466K, committed 42672K, reserved 1085440K
  class space    used 5330K, capacity 5807K, committed 5808K, reserved 1048576K
}

