# JRE version: Java(TM) SE Runtime Environment (8.0_171-b11) (build 1.8.0_171-b11)
# Java VM: Java HotSpot(TM) 64-Bit Server VM (25.171-b11 mixed mode linux-amd64 compressed oops)
Heap:
 PSYoungGen      total 251392K, used 72856K [0x00000000d7f00000, 0x00000000ec380000, 0x0000000100000000)
  eden space 233472K, 31% used [0x00000000d7f00000,0x00000000dc626138,0x00000000e6300000)
  from space 17920K, 0% used [0x00000000e6300000,0x00000000e6300000,0x00000000e7480000)
  to   space 19968K, 0% used [0x00000000eb000000,0x00000000eb000000,0x00000000ec380000)
 ParOldGen       total 139776K, used 37636K [0x0000000087c00000, 0x0000000090480000, 0x00000000d7f00000)
  object space 139776K, 26% used [0x0000000087c00000,0x000000008a0c1048,0x0000000090480000)
 Metaspace       used 40726K, capacity 42600K, committed 42664K, reserved 1085440K
  class space    used 5356K, capacity 5763K, committed 5808K, reserved 1048576K
GC Heap History (10 events):
Event: 30.328 GC heap before
{Heap before GC invocations=12 (full 2):
 PSYoungGen      total 162816K, used 146937K [0x00000000d7f00000, 0x00000000e5700000, 0x0000000100000000)
  eden space 145920K, 93% used [0x00000000d7f00000,0x00000000e04572a8,0x00000000e0d80000)
  from space 16896K, 61% used [0x00000000e0d80000,0x00000000e17a7338,0x00000000e1e00000)
  to   space 16384K, 0% used [0x00000000e4700000,0x00000000e4700000,0x00000000e5700000)
 ParOldGen       total 90112K, used 55265K [0x0000000087c00000, 0x000000008d400000, 0x00000000d7f00000)
  object space 90112K, 61% used [0x0000000087c00000,0x000000008b1f85b8,0x000000008d400000)
 Metaspace       used 39097K, capacity 40946K, committed 41256K, reserved 1085440K
  class space    used 5173K, capacity 5586K, committed 5680K, reserved 1048576K
Event: 30.340 GC heap after
Heap after GC invocations=12 (full 2):
 PSYoungGen      total 203264K, used 15006K [0x00000000d7f00000, 0x00000000e5a00000, 0x0000000100000000)
  eden space 186880K, 0% used [0x00000000d7f00000,0x00000000d7f00000,0x00000000e3580000)
  from space 16384K, 91% used [0x00000000e4700000,0x00000000e55a78b0,0x00000000e5700000)
  to   space 17920K, 0% used [0x00000000e3580000,0x00000000e3580000,0x00000000e4700000)
 ParOldGen       total 90112K, used 55265K [0x0000000087c00000, 0x000000008d400000, 0x00000000d7f00000)
  object space 90112K, 61% used [0x0000000087c00000,0x000000008b1f85b8,0x000000008d400000)
 Metaspace       used 39097K, capacity 40946K, committed 41256K, reserved 1085440K
  class space    used 5173K, capacity 5586K, committed 5680K, reserved 1048576K
}
Event: 36.044 GC heap before
{Heap before GC invocations=13 (full 2):
 PSYoungGen      total 203264K, used 200079K [0x00000000d7f00000, 0x00000000e5a00000, 0x0000000100000000)
  eden space 186880K, 99% used [0x00000000d7f00000,0x00000000e33bc568,0x00000000e3580000)
  from space 16384K, 91% used [0x00000000e4700000,0x00000000e55a78b0,0x00000000e5700000)
  to   space 17920K, 0% used [0x00000000e3580000,0x00000000e3580000,0x00000000e4700000)
 ParOldGen       total 90112K, used 55265K [0x0000000087c00000, 0x000000008d400000, 0x00000000d7f00000)
  object space 90112K, 61% used [0x0000000087c00000,0x000000008b1f85b8,0x000000008d400000)
 Metaspace       used 39926K, capacity 41798K, committed 42024K, reserved 1085440K
  class space    used 5264K, capacity 5666K, committed 5680K, reserved 1048576K
Event: 36.063 GC heap after
Heap after GC invocations=13 (full 2):
 PSYoungGen      total 204800K, used 7112K [0x00000000d7f00000, 0x00000000e8680000, 0x0000000100000000)
  eden space 186880K, 0% used [0x00000000d7f00000,0x00000000d7f00000,0x00000000e3580000)
  from space 17920K, 39% used [0x00000000e3580000,0x00000000e3c721c0,0x00000000e4700000)
  to   space 17408K, 0% used [0x00000000e7580000,0x00000000e7580000,0x00000000e8680000)
 ParOldGen       total 90112K, used 55273K [0x0000000087c00000, 0x000000008d400000, 0x00000000d7f00000)
  object space 90112K, 61% used [0x0000000087c00000,0x000000008b1fa5b8,0x000000008d400000)
 Metaspace       used 39926K, capacity 41798K, committed 42024K, reserved 1085440K
  class space    used 5264K, capacity 5666K, committed 5680K, reserved 1048576K
}
Event: 37.568 GC heap before
{Heap before GC invocations=14 (full 2):
 PSYoungGen      total 204800K, used 193873K [0x00000000d7f00000, 0x00000000e8680000, 0x0000000100000000)
  eden space 186880K, 99% used [0x00000000d7f00000,0x00000000e35625d0,0x00000000e3580000)
  from space 17920K, 39% used [0x00000000e3580000,0x00000000e3c721c0,0x00000000e4700000)
  to   space 17408K, 0% used [0x00000000e7580000,0x00000000e7580000,0x00000000e8680000)
 ParOldGen       total 90112K, used 55273K [0x0000000087c00000, 0x000000008d400000, 0x00000000d7f00000)
  object space 90112K, 61% used [0x0000000087c00000,0x000000008b1fa5b8,0x000000008d400000)
 Metaspace       used 39932K, capacity 41798K, committed 42024K, reserved 1085440K
  class space    used 5266K, capacity 5666K, committed 5680K, reserved 1048576K
Event: 37.588 GC heap after
Heap after GC invocations=14 (full 2):
 PSYoungGen      total 250368K, used 13075K [0x00000000d7f00000, 0x00000000e8600000, 0x0000000100000000)
  eden space 233472K, 0% used [0x00000000d7f00000,0x00000000d7f00000,0x00000000e6300000)
  from space 16896K, 77% used [0x00000000e7580000,0x00000000e8244c40,0x00000000e8600000)
  to   space 17920K, 0% used [0x00000000e6300000,0x00000000e6300000,0x00000000e7480000)
 ParOldGen       total 90112K, used 67431K [0x0000000087c00000, 0x000000008d400000, 0x00000000d7f00000)
  object space 90112K, 74% used [0x0000000087c00000,0x000000008bdd9dd8,0x000000008d400000)
 Metaspace       used 39932K, capacity 41798K, committed 42024K, reserved 1085440K
  class space    used 5266K, capacity 5666K, committed 5680K, reserved 1048576K
}
Event: 39.484 GC heap before
{Heap before GC invocations=15 (full 2):
 PSYoungGen      total 250368K, used 242546K [0x00000000d7f00000, 0x00000000e8600000, 0x0000000100000000)
  eden space 233472K, 98% used [0x00000000d7f00000,0x00000000e5f17f78,0x00000000e6300000)
  from space 16896K, 77% used [0x00000000e7580000,0x00000000e8244c40,0x00000000e8600000)
  to   space 17920K, 0% used [0x00000000e6300000,0x00000000e6300000,0x00000000e7480000)
 ParOldGen       total 90112K, used 67431K [0x0000000087c00000, 0x000000008d400000, 0x00000000d7f00000)
  object space 90112K, 74% used [0x0000000087c00000,0x000000008bdd9dd8,0x000000008d400000)
 Metaspace       used 40726K, capacity 42600K, committed 42664K, reserved 1085440K
  class space    used 5356K, capacity 5763K, committed 5808K, reserved 1048576K
Event: 39.517 GC heap after
Heap after GC invocations=15 (full 2):
 PSYoungGen      total 251392K, used 16906K [0x00000000d7f00000, 0x00000000ec380000, 0x0000000100000000)
  eden space 233472K, 0% used [0x00000000d7f00000,0x00000000d7f00000,0x00000000e6300000)
  from space 17920K, 94% used [0x00000000e6300000,0x00000000e7382a70,0x00000000e7480000)
  to   space 19968K, 0% used [0x00000000eb000000,0x00000000eb000000,0x00000000ec380000)
 ParOldGen       total 90112K, used 79589K [0x0000000087c00000, 0x000000008d400000, 0x00000000d7f00000)
  object space 90112K, 88% used [0x0000000087c00000,0x000000008c9b95f8,0x000000008d400000)
 Metaspace       used 40726K, capacity 42600K, committed 42664K, reserved 1085440K
  class space    used 5356K, capacity 5763K, committed 5808K, reserved 1048576K
}
Event: 39.517 GC heap before
{Heap before GC invocations=16 (full 3):
 PSYoungGen      total 251392K, used 16906K [0x00000000d7f00000, 0x00000000ec380000, 0x0000000100000000)
  eden space 233472K, 0% used [0x00000000d7f00000,0x00000000d7f00000,0x00000000e6300000)
  from space 17920K, 94% used [0x00000000e6300000,0x00000000e7382a70,0x00000000e7480000)
  to   space 19968K, 0% used [0x00000000eb000000,0x00000000eb000000,0x00000000ec380000)
 ParOldGen       total 90112K, used 79589K [0x0000000087c00000, 0x000000008d400000, 0x00000000d7f00000)
  object space 90112K, 88% used [0x0000000087c00000,0x000000008c9b95f8,0x000000008d400000)
 Metaspace       used 40726K, capacity 42600K, committed 42664K, reserved 1085440K
  class space    used 5356K, capacity 5763K, committed 5808K, reserved 1048576K
Event: 39.764 GC heap after
Heap after GC invocations=16 (full 3):
 PSYoungGen      total 251392K, used 0K [0x00000000d7f00000, 0x00000000ec380000, 0x0000000100000000)
  eden space 233472K, 0% used [0x00000000d7f00000,0x00000000d7f00000,0x00000000e6300000)
  from space 17920K, 0% used [0x00000000e6300000,0x00000000e6300000,0x00000000e7480000)
  to   space 19968K, 0% used [0x00000000eb000000,0x00000000eb000000,0x00000000ec380000)
 ParOldGen       total 139776K, used 37636K [0x0000000087c00000, 0x0000000090480000, 0x00000000d7f00000)
  object space 139776K, 26% used [0x0000000087c00000,0x000000008a0c1048,0x0000000090480000)
 Metaspace       used 40726K, capacity 42600K, committed 42664K, reserved 1085440K
  class space    used 5356K, capacity 5763K, committed 5808K, reserved 1048576K
}

